[INFO] Starting backup...
[INFO] Backup started at 2025-11-04 12:26:26
[INFO] Backup started at 2025-11-04 12:26:39
[INFO] Backup started at 2025-11-04 12:38:05
tar: Removing leading `/' from member names
[SUCCESS] Backup completed: /c/Users/vempa/Desktop/backups/backup-2025-11-04-1238.tar.gz
[INFO] Cleaning up old backups...
[INFO] Cleanup completed ✅
[INFO] Disk space check passed.
[INFO] Starting full backup...
[SUCCESS] Backup created: /c/Users/vempa/Desktop/backups/backup-2025-11-21-1433.tar.gz
[INFO] Checksum file created.
[INFO] Starting rotation cleanup...
[INFO] Rotation complete.
[SUCCESS] Backup process completed!
[INFO] Listing available backups...
[ERROR] Backup file not found!
[SUCCESS] Backup restored to /c/Users/vempa/Desktop/restore_output
[INFO] Performing incremental backup...
[SUCCESS] Incremental backup created: /c/Users/vempa/Desktop/backups/backup-2025-11-21-1438.tar.gz
